e:\zyl\cloudgame\cloudgame\x64\debug\cloudgame.pch
e:\zyl\cloudgame\cloudgame\x64\debug\vc140.pdb
e:\zyl\cloudgame\cloudgame\x64\debug\vc140.idb
e:\zyl\cloudgame\cloudgame\x64\debug\pch.obj
e:\zyl\cloudgame\cloudgame\x64\debug\cloudgame.obj
e:\zyl\cloudgame\cloudgame\x64\debug\dllmain.obj
e:\zyl\cloudgame\cloudgame\x64\debug\libgetrtpcmd.obj
e:\zyl\cloudgame\cloudgame\x64\debug\json_reader.obj
e:\zyl\cloudgame\cloudgame\x64\debug\json_value.obj
e:\zyl\cloudgame\cloudgame\x64\debug\json_writer.obj
e:\zyl\cloudgame\cloudctrl\x64\debug\cloudgame.lib
e:\zyl\cloudgame\cloudctrl\x64\debug\cloudgame.exp
e:\zyl\cloudgame\cloudctrl\x64\debug\cloudgame.ilk
e:\zyl\cloudgame\cloudctrl\x64\debug\cloudgame.dll
e:\zyl\cloudgame\cloudctrl\x64\debug\cloudgame.pdb
e:\zyl\cloudgame\cloudgame\x64\debug\cloudgame.tlog\cl.command.1.tlog
e:\zyl\cloudgame\cloudgame\x64\debug\cloudgame.tlog\cl.read.1.tlog
e:\zyl\cloudgame\cloudgame\x64\debug\cloudgame.tlog\cl.write.1.tlog
e:\zyl\cloudgame\cloudgame\x64\debug\cloudgame.tlog\cloudgame.write.1u.tlog
e:\zyl\cloudgame\cloudgame\x64\debug\cloudgame.tlog\link.command.1.tlog
e:\zyl\cloudgame\cloudgame\x64\debug\cloudgame.tlog\link.read.1.tlog
e:\zyl\cloudgame\cloudgame\x64\debug\cloudgame.tlog\link.write.1.tlog
