e:\zyl\cloudgame\cloudgame\x64\release\cloudgame.pch
e:\zyl\cloudgame\cloudgame\x64\release\vc140.pdb
e:\zyl\cloudgame\cloudgame\x64\release\pch.obj
e:\zyl\cloudgame\cloudgame\x64\release\libgetrtpcmd.obj
e:\zyl\cloudgame\cloudgame\x64\release\dllmain.obj
e:\zyl\cloudgame\cloudgame\x64\release\cloudgame.obj
e:\zyl\cloudgame\cloudgame\x64\release\json_writer.obj
e:\zyl\cloudgame\cloudgame\x64\release\json_value.obj
e:\zyl\cloudgame\cloudgame\x64\release\json_reader.obj
e:\zyl\cloudgame\cloudctrl\x64\release\cloudgame.lib
e:\zyl\cloudgame\cloudctrl\x64\release\cloudgame.exp
e:\zyl\cloudgame\cloudctrl\x64\release\cloudgame.dll
e:\zyl\cloudgame\cloudctrl\x64\release\cloudgame.pdb
e:\zyl\cloudgame\cloudgame\x64\release\cloudgame.tlog\cl.command.1.tlog
e:\zyl\cloudgame\cloudgame\x64\release\cloudgame.tlog\cl.read.1.tlog
e:\zyl\cloudgame\cloudgame\x64\release\cloudgame.tlog\cl.write.1.tlog
e:\zyl\cloudgame\cloudgame\x64\release\cloudgame.tlog\cloudgame.write.1u.tlog
e:\zyl\cloudgame\cloudgame\x64\release\cloudgame.tlog\link.command.1.tlog
e:\zyl\cloudgame\cloudgame\x64\release\cloudgame.tlog\link.read.1.tlog
e:\zyl\cloudgame\cloudgame\x64\release\cloudgame.tlog\link.write.1.tlog
